Assembler report for stream_from_memory
Sun Aug 23 16:24:22 2020
Quartus Prime Version 18.1.0 Build 625 09/12/2018 SJ Standard Edition


---------------------
; Table of Contents ;
---------------------
  1. Legal Notice
  2. Assembler Summary
  3. Assembler Settings
  4. Assembler Generated Files
  5. Assembler Device Options: C:/Quartus_Projects/FPGA_Inference/verilog_src/verilog/memory/output_files/stream_from_memory.sof
  6. Assembler Messages



----------------
; Legal Notice ;
----------------
Copyright (C) 2018  Intel Corporation. All rights reserved.
Your use of Intel Corporation's design tools, logic functions 
and other software and tools, and its AMPP partner logic 
functions, and any output files from any of the foregoing 
(including device programming or simulation files), and any 
associated documentation or information are expressly subject 
to the terms and conditions of the Intel Program License 
Subscription Agreement, the Intel Quartus Prime License Agreement,
the Intel FPGA IP License Agreement, or other applicable license
agreement, including, without limitation, that your use is for
the sole purpose of programming logic devices manufactured by
Intel and sold by Intel or its authorized distributors.  Please
refer to the applicable agreement for further details.



+---------------------------------------------------------------+
; Assembler Summary                                             ;
+-----------------------+---------------------------------------+
; Assembler Status      ; Successful - Sun Aug 23 16:24:22 2020 ;
; Revision Name         ; stream_from_memory                    ;
; Top-level Entity Name ; stream_from_memory                    ;
; Family                ; Cyclone IV E                          ;
; Device                ; EP4CE30F23C6                          ;
+-----------------------+---------------------------------------+


+----------------------------------+
; Assembler Settings               ;
+--------+---------+---------------+
; Option ; Setting ; Default Value ;
+--------+---------+---------------+


+---------------------------------------------------------------------------------------------------+
; Assembler Generated Files                                                                         ;
+---------------------------------------------------------------------------------------------------+
; File Name                                                                                         ;
+---------------------------------------------------------------------------------------------------+
; C:/Quartus_Projects/FPGA_Inference/verilog_src/verilog/memory/output_files/stream_from_memory.sof ;
+---------------------------------------------------------------------------------------------------+


+-----------------------------------------------------------------------------------------------------------------------------+
; Assembler Device Options: C:/Quartus_Projects/FPGA_Inference/verilog_src/verilog/memory/output_files/stream_from_memory.sof ;
+----------------+------------------------------------------------------------------------------------------------------------+
; Option         ; Setting                                                                                                    ;
+----------------+------------------------------------------------------------------------------------------------------------+
; JTAG usercode  ; 0x0023B2F4                                                                                                 ;
; Checksum       ; 0x0023B2F4                                                                                                 ;
+----------------+------------------------------------------------------------------------------------------------------------+


+--------------------+
; Assembler Messages ;
+--------------------+
Info: *******************************************************************
Info: Running Quartus Prime Assembler
    Info: Version 18.1.0 Build 625 09/12/2018 SJ Standard Edition
    Info: Processing started: Sun Aug 23 16:24:20 2020
Info: Command: quartus_asm --read_settings_files=off --write_settings_files=off stream_from_memory -c stream_from_memory
Warning (18236): Number of processors has not been specified which may cause overloading on shared machines.  Set the global assignment NUM_PARALLEL_PROCESSORS in your QSF to an appropriate value for best performance.
Info (115031): Writing out detailed assembly data for power analysis
Info (115030): Assembler is generating device programming files
Info: Quartus Prime Assembler was successful. 0 errors, 1 warning
    Info: Peak virtual memory: 4677 megabytes
    Info: Processing ended: Sun Aug 23 16:24:22 2020
    Info: Elapsed time: 00:00:02
    Info: Total CPU time (on all processors): 00:00:01


