Flow report for de0_nano
Tue Jul 28 13:34:55 2020
Quartus II 64-Bit Version 13.1.4 Build 182 03/12/2014 SJ Full Version


---------------------
; Table of Contents ;
---------------------
  1. Legal Notice
  2. Flow Summary
  3. Flow Settings
  4. Flow Non-Default Global Settings
  5. Flow Elapsed Time
  6. Flow OS Summary
  7. Flow Log
  8. Flow Messages
  9. Flow Suppressed Messages



----------------
; Legal Notice ;
----------------
Copyright (C) 1991-2014 Altera Corporation
Your use of Altera Corporation's design tools, logic functions 
and other software and tools, and its AMPP partner logic 
functions, and any output files from any of the foregoing 
(including device programming or simulation files), and any 
associated documentation or information are expressly subject 
to the terms and conditions of the Altera Program License 
Subscription Agreement, Altera MegaCore Function License 
Agreement, or other applicable license agreement, including, 
without limitation, that your use is for the sole purpose of 
programming logic devices manufactured by Altera and sold by 
Altera or its authorized distributors.  Please refer to the 
applicable agreement for further details.



+----------------------------------------------------------------------------------+
; Flow Summary                                                                     ;
+------------------------------------+---------------------------------------------+
; Flow Status                        ; Successful - Tue Jul 28 13:34:50 2020       ;
; Quartus II 64-Bit Version          ; 13.1.4 Build 182 03/12/2014 SJ Full Version ;
; Revision Name                      ; de0_nano                                    ;
; Top-level Entity Name              ; de0_nano                                    ;
; Family                             ; Cyclone IV E                                ;
; Device                             ; EP4CE22F17C6                                ;
; Timing Models                      ; Final                                       ;
; Total logic elements               ; 1,642 / 22,320 ( 7 % )                      ;
;     Total combinational functions  ; 1,528 / 22,320 ( 7 % )                      ;
;     Dedicated logic registers      ; 920 / 22,320 ( 4 % )                        ;
; Total registers                    ; 920                                         ;
; Total pins                         ; 9 / 154 ( 6 % )                             ;
; Total virtual pins                 ; 0                                           ;
; Total memory bits                  ; 76,800 / 608,256 ( 13 % )                   ;
; Embedded Multiplier 9-bit elements ; 0 / 132 ( 0 % )                             ;
; Total PLLs                         ; 1 / 4 ( 25 % )                              ;
+------------------------------------+---------------------------------------------+


+-----------------------------------------+
; Flow Settings                           ;
+-------------------+---------------------+
; Option            ; Setting             ;
+-------------------+---------------------+
; Start date & time ; 07/28/2020 13:34:17 ;
; Main task         ; Compilation         ;
; Revision Name     ; de0_nano            ;
+-------------------+---------------------+


+-----------------------------------------------------------------------------------------------------------------------------------------------------------------------------------+
; Flow Non-Default Global Settings                                                                                                                                                  ;
+-------------------------------------+--------------------------------------------------------------+---------------+-------------------------------------------------+------------+
; Assignment Name                     ; Value                                                        ; Default Value ; Entity Name                                     ; Section Id ;
+-------------------------------------+--------------------------------------------------------------+---------------+-------------------------------------------------+------------+
; COMPILER_SIGNATURE_ID               ; 66325075406877.159590005702464                               ; --            ; --                                              ; --         ;
; IP_TOOL_ENV                         ; Qsys                                                         ; --            ; altera_avalon_sc_fifo                           ; --         ;
; IP_TOOL_ENV                         ; Qsys                                                         ; --            ; altera_merlin_master_agent                      ; --         ;
; IP_TOOL_ENV                         ; Qsys                                                         ; --            ; altera_merlin_master_translator                 ; --         ;
; IP_TOOL_ENV                         ; Qsys                                                         ; --            ; altera_merlin_slave_agent                       ; --         ;
; IP_TOOL_ENV                         ; Qsys                                                         ; --            ; altera_merlin_slave_translator                  ; --         ;
; IP_TOOL_ENV                         ; Qsys                                                         ; --            ; altera_reset_controller                         ; --         ;
; IP_TOOL_ENV                         ; Qsys                                                         ; --            ; qsys_block                                      ; --         ;
; IP_TOOL_ENV                         ; Qsys                                                         ; --            ; qsys_block_irq_mapper                           ; --         ;
; IP_TOOL_ENV                         ; Qsys                                                         ; --            ; qsys_block_jtag_uart                            ; --         ;
; IP_TOOL_ENV                         ; Qsys                                                         ; --            ; qsys_block_led                                  ; --         ;
; IP_TOOL_ENV                         ; Qsys                                                         ; --            ; qsys_block_mm_interconnect_0                    ; --         ;
; IP_TOOL_ENV                         ; Qsys                                                         ; --            ; qsys_block_mm_interconnect_0_addr_router        ; --         ;
; IP_TOOL_ENV                         ; Qsys                                                         ; --            ; qsys_block_mm_interconnect_0_addr_router_001    ; --         ;
; IP_TOOL_ENV                         ; Qsys                                                         ; --            ; qsys_block_mm_interconnect_0_cmd_xbar_demux     ; --         ;
; IP_TOOL_ENV                         ; Qsys                                                         ; --            ; qsys_block_mm_interconnect_0_cmd_xbar_demux_001 ; --         ;
; IP_TOOL_ENV                         ; Qsys                                                         ; --            ; qsys_block_mm_interconnect_0_cmd_xbar_mux       ; --         ;
; IP_TOOL_ENV                         ; Qsys                                                         ; --            ; qsys_block_mm_interconnect_0_cmd_xbar_mux_002   ; --         ;
; IP_TOOL_ENV                         ; Qsys                                                         ; --            ; qsys_block_mm_interconnect_0_id_router          ; --         ;
; IP_TOOL_ENV                         ; Qsys                                                         ; --            ; qsys_block_mm_interconnect_0_id_router_002      ; --         ;
; IP_TOOL_ENV                         ; Qsys                                                         ; --            ; qsys_block_mm_interconnect_0_rsp_xbar_demux_002 ; --         ;
; IP_TOOL_ENV                         ; Qsys                                                         ; --            ; qsys_block_mm_interconnect_0_rsp_xbar_mux       ; --         ;
; IP_TOOL_ENV                         ; Qsys                                                         ; --            ; qsys_block_mm_interconnect_0_rsp_xbar_mux_001   ; --         ;
; IP_TOOL_ENV                         ; Qsys                                                         ; --            ; qsys_block_nios2e                               ; --         ;
; IP_TOOL_ENV                         ; Qsys                                                         ; --            ; qsys_block_onchip_ram                           ; --         ;
; IP_TOOL_NAME                        ; ALTPLL                                                       ; --            ; --                                              ; --         ;
; IP_TOOL_NAME                        ; ALTINT_OSC                                                   ; --            ; --                                              ; --         ;
; IP_TOOL_NAME                        ; altera_avalon_sc_fifo                                        ; --            ; altera_avalon_sc_fifo                           ; --         ;
; IP_TOOL_NAME                        ; altera_merlin_master_agent                                   ; --            ; altera_merlin_master_agent                      ; --         ;
; IP_TOOL_NAME                        ; altera_merlin_master_translator                              ; --            ; altera_merlin_master_translator                 ; --         ;
; IP_TOOL_NAME                        ; altera_merlin_slave_agent                                    ; --            ; altera_merlin_slave_agent                       ; --         ;
; IP_TOOL_NAME                        ; altera_merlin_slave_translator                               ; --            ; altera_merlin_slave_translator                  ; --         ;
; IP_TOOL_NAME                        ; altera_reset_controller                                      ; --            ; altera_reset_controller                         ; --         ;
; IP_TOOL_NAME                        ; Qsys                                                         ; --            ; qsys_block                                      ; --         ;
; IP_TOOL_NAME                        ; altera_irq_mapper                                            ; --            ; qsys_block_irq_mapper                           ; --         ;
; IP_TOOL_NAME                        ; altera_avalon_jtag_uart                                      ; --            ; qsys_block_jtag_uart                            ; --         ;
; IP_TOOL_NAME                        ; altera_avalon_pio                                            ; --            ; qsys_block_led                                  ; --         ;
; IP_TOOL_NAME                        ; altera_merlin_interconnect_wrapper                           ; --            ; qsys_block_mm_interconnect_0                    ; --         ;
; IP_TOOL_NAME                        ; altera_merlin_router                                         ; --            ; qsys_block_mm_interconnect_0_addr_router        ; --         ;
; IP_TOOL_NAME                        ; altera_merlin_router                                         ; --            ; qsys_block_mm_interconnect_0_addr_router_001    ; --         ;
; IP_TOOL_NAME                        ; altera_merlin_demultiplexer                                  ; --            ; qsys_block_mm_interconnect_0_cmd_xbar_demux     ; --         ;
; IP_TOOL_NAME                        ; altera_merlin_demultiplexer                                  ; --            ; qsys_block_mm_interconnect_0_cmd_xbar_demux_001 ; --         ;
; IP_TOOL_NAME                        ; altera_merlin_multiplexer                                    ; --            ; qsys_block_mm_interconnect_0_cmd_xbar_mux       ; --         ;
; IP_TOOL_NAME                        ; altera_merlin_multiplexer                                    ; --            ; qsys_block_mm_interconnect_0_cmd_xbar_mux_002   ; --         ;
; IP_TOOL_NAME                        ; altera_merlin_router                                         ; --            ; qsys_block_mm_interconnect_0_id_router          ; --         ;
; IP_TOOL_NAME                        ; altera_merlin_router                                         ; --            ; qsys_block_mm_interconnect_0_id_router_002      ; --         ;
; IP_TOOL_NAME                        ; altera_merlin_demultiplexer                                  ; --            ; qsys_block_mm_interconnect_0_rsp_xbar_demux_002 ; --         ;
; IP_TOOL_NAME                        ; altera_merlin_multiplexer                                    ; --            ; qsys_block_mm_interconnect_0_rsp_xbar_mux       ; --         ;
; IP_TOOL_NAME                        ; altera_merlin_multiplexer                                    ; --            ; qsys_block_mm_interconnect_0_rsp_xbar_mux_001   ; --         ;
; IP_TOOL_NAME                        ; altera_nios2_qsys                                            ; --            ; qsys_block_nios2e                               ; --         ;
; IP_TOOL_NAME                        ; altera_avalon_onchip_memory2                                 ; --            ; qsys_block_onchip_ram                           ; --         ;
; IP_TOOL_VERSION                     ; 13.0                                                         ; --            ; --                                              ; --         ;
; IP_TOOL_VERSION                     ; 13.0                                                         ; --            ; --                                              ; --         ;
; IP_TOOL_VERSION                     ; 13.1                                                         ; --            ; altera_avalon_sc_fifo                           ; --         ;
; IP_TOOL_VERSION                     ; 13.1                                                         ; --            ; altera_merlin_master_agent                      ; --         ;
; IP_TOOL_VERSION                     ; 13.1                                                         ; --            ; altera_merlin_master_translator                 ; --         ;
; IP_TOOL_VERSION                     ; 13.1                                                         ; --            ; altera_merlin_slave_agent                       ; --         ;
; IP_TOOL_VERSION                     ; 13.1                                                         ; --            ; altera_merlin_slave_translator                  ; --         ;
; IP_TOOL_VERSION                     ; 13.1                                                         ; --            ; altera_reset_controller                         ; --         ;
; IP_TOOL_VERSION                     ; 13.1                                                         ; --            ; qsys_block                                      ; --         ;
; IP_TOOL_VERSION                     ; 13.1                                                         ; --            ; qsys_block_irq_mapper                           ; --         ;
; IP_TOOL_VERSION                     ; 13.1                                                         ; --            ; qsys_block_jtag_uart                            ; --         ;
; IP_TOOL_VERSION                     ; 13.1                                                         ; --            ; qsys_block_led                                  ; --         ;
; IP_TOOL_VERSION                     ; 13.1                                                         ; --            ; qsys_block_mm_interconnect_0                    ; --         ;
; IP_TOOL_VERSION                     ; 13.1                                                         ; --            ; qsys_block_mm_interconnect_0_addr_router        ; --         ;
; IP_TOOL_VERSION                     ; 13.1                                                         ; --            ; qsys_block_mm_interconnect_0_addr_router_001    ; --         ;
; IP_TOOL_VERSION                     ; 13.1                                                         ; --            ; qsys_block_mm_interconnect_0_cmd_xbar_demux     ; --         ;
; IP_TOOL_VERSION                     ; 13.1                                                         ; --            ; qsys_block_mm_interconnect_0_cmd_xbar_demux_001 ; --         ;
; IP_TOOL_VERSION                     ; 13.1                                                         ; --            ; qsys_block_mm_interconnect_0_cmd_xbar_mux       ; --         ;
; IP_TOOL_VERSION                     ; 13.1                                                         ; --            ; qsys_block_mm_interconnect_0_cmd_xbar_mux_002   ; --         ;
; IP_TOOL_VERSION                     ; 13.1                                                         ; --            ; qsys_block_mm_interconnect_0_id_router          ; --         ;
; IP_TOOL_VERSION                     ; 13.1                                                         ; --            ; qsys_block_mm_interconnect_0_id_router_002      ; --         ;
; IP_TOOL_VERSION                     ; 13.1                                                         ; --            ; qsys_block_mm_interconnect_0_rsp_xbar_demux_002 ; --         ;
; IP_TOOL_VERSION                     ; 13.1                                                         ; --            ; qsys_block_mm_interconnect_0_rsp_xbar_mux       ; --         ;
; IP_TOOL_VERSION                     ; 13.1                                                         ; --            ; qsys_block_mm_interconnect_0_rsp_xbar_mux_001   ; --         ;
; IP_TOOL_VERSION                     ; 13.1                                                         ; --            ; qsys_block_nios2e                               ; --         ;
; IP_TOOL_VERSION                     ; 13.1                                                         ; --            ; qsys_block_onchip_ram                           ; --         ;
; MAX_CORE_JUNCTION_TEMP              ; 85                                                           ; --            ; --                                              ; --         ;
; MIN_CORE_JUNCTION_TEMP              ; 0                                                            ; --            ; --                                              ; --         ;
; MISC_FILE                           ; qsys_block/synthesis/../../qsys_block.cmp                    ; --            ; --                                              ; --         ;
; MISC_FILE                           ; qsys_block/synthesis/../../qsys_block.qsys                   ; --            ; --                                              ; --         ;
; MISC_FILE                           ; PLL0_bb.v                                                    ; --            ; --                                              ; --         ;
; MISC_FILE                           ; PLL0.ppf                                                     ; --            ; --                                              ; --         ;
; PARTITION_COLOR                     ; 16764057                                                     ; --            ; --                                              ; Top        ;
; PARTITION_FITTER_PRESERVATION_LEVEL ; PLACEMENT_AND_ROUTING                                        ; --            ; --                                              ; Top        ;
; PARTITION_NETLIST_TYPE              ; SOURCE                                                       ; --            ; --                                              ; Top        ;
; POWER_BOARD_THERMAL_MODEL           ; None (CONSERVATIVE)                                          ; --            ; --                                              ; --         ;
; POWER_PRESET_COOLING_SOLUTION       ; 23 MM HEAT SINK WITH 200 LFPM AIRFLOW                        ; --            ; --                                              ; --         ;
; PROJECT_OUTPUT_DIRECTORY            ; output_files                                                 ; --            ; --                                              ; --         ;
; SLD_FILE                            ; qsys_block/synthesis/qsys_block.regmap                       ; --            ; --                                              ; --         ;
; SLD_FILE                            ; qsys_block/synthesis/qsys_block.debuginfo                    ; --            ; --                                              ; --         ;
; SLD_INFO                            ; QSYS_NAME qsys_block HAS_SOPCINFO 1 GENERATION_ID 1595899902 ; --            ; qsys_block                                      ; --         ;
; SOPCINFO_FILE                       ; qsys_block/synthesis/../../qsys_block.sopcinfo               ; --            ; --                                              ; --         ;
; SYNTHESIS_ONLY_QIP                  ; On                                                           ; --            ; --                                              ; --         ;
+-------------------------------------+--------------------------------------------------------------+---------------+-------------------------------------------------+------------+


+-------------------------------------------------------------------------------------------------------------------------------+
; Flow Elapsed Time                                                                                                             ;
+---------------------------+--------------+-------------------------+---------------------+------------------------------------+
; Module Name               ; Elapsed Time ; Average Processors Used ; Peak Virtual Memory ; Total CPU Time (on all processors) ;
+---------------------------+--------------+-------------------------+---------------------+------------------------------------+
; Analysis & Synthesis      ; 00:00:13     ; 1.0                     ; 4753 MB             ; 00:00:10                           ;
; Fitter                    ; 00:00:13     ; 1.3                     ; 5431 MB             ; 00:00:13                           ;
; Assembler                 ; 00:00:02     ; 1.0                     ; 4606 MB             ; 00:00:02                           ;
; TimeQuest Timing Analyzer ; 00:00:03     ; 1.0                     ; 4722 MB             ; 00:00:03                           ;
; Total                     ; 00:00:31     ; --                      ; --                  ; 00:00:28                           ;
+---------------------------+--------------+-------------------------+---------------------+------------------------------------+


+----------------------------------------------------------------------------------------+
; Flow OS Summary                                                                        ;
+---------------------------+------------------+-----------+------------+----------------+
; Module Name               ; Machine Hostname ; OS Name   ; OS Version ; Processor type ;
+---------------------------+------------------+-----------+------------+----------------+
; Analysis & Synthesis      ; DESKTOP-5B33PSG  ; Windows 7 ; 6.2        ; x86_64         ;
; Fitter                    ; DESKTOP-5B33PSG  ; Windows 7 ; 6.2        ; x86_64         ;
; Assembler                 ; DESKTOP-5B33PSG  ; Windows 7 ; 6.2        ; x86_64         ;
; TimeQuest Timing Analyzer ; DESKTOP-5B33PSG  ; Windows 7 ; 6.2        ; x86_64         ;
+---------------------------+------------------+-----------+------------+----------------+


------------
; Flow Log ;
------------
quartus_map --read_settings_files=on --write_settings_files=off de0_nano -c de0_nano
quartus_fit --read_settings_files=off --write_settings_files=off de0_nano -c de0_nano
quartus_asm --read_settings_files=off --write_settings_files=off de0_nano -c de0_nano
quartus_sta de0_nano -c de0_nano



