Info: Starting: Create HDL design files for synthesis
Info: qsys-generate D:\QuartusProjects\Development_Kits\DE10_LITE\ML_Inference\pd_block.qsys --synthesis=VERILOG --output-directory=D:\QuartusProjects\Development_Kits\DE10_LITE\ML_Inference\pd_block\synthesis --family="MAX 10" --part=10M50DAF484C7G
Progress: Loading ML_Inference/pd_block.qsys
Progress: Reading input file
Progress: Adding bridge1 [altera_avalon_mm_bridge 18.1]
Progress: Parameterizing module bridge1
Progress: Adding bridge2 [altera_avalon_mm_bridge 18.1]
Progress: Parameterizing module bridge2
Progress: Adding clock [clock_source 18.1]
Progress: Parameterizing module clock
Progress: Adding conv1 [convolution_calc 1.0]
Progress: Parameterizing module conv1
Progress: Adding dma [dma_engine 1.0]
Progress: Parameterizing module dma
Progress: Adding frame_reader [frame_reader 1.0]
Progress: Parameterizing module frame_reader
Progress: Adding from_memory1 [stream_from_memory 1.0]
Progress: Parameterizing module from_memory1
Progress: Adding jtag_uart [altera_avalon_jtag_uart 18.1]
Progress: Parameterizing module jtag_uart
Progress: Adding led [altera_avalon_pio 18.1]
Progress: Parameterizing module led
Progress: Adding nios2e [altera_nios2_gen2 18.1]
Progress: Parameterizing module nios2e
Progress: Adding onchip_ram [altera_avalon_onchip_memory2 18.1]
Progress: Parameterizing module onchip_ram
Progress: Adding pad1 [pad_stream 1.0]
Progress: Parameterizing module pad1
Progress: Adding rgb_tensor [rgb_to_tensor 1.0]
Progress: Parameterizing module rgb_tensor
Progress: Adding sdram [altera_avalon_new_sdram_controller 18.1]
Progress: Parameterizing module sdram
Progress: Adding vga_clock [clock_source 18.1]
Progress: Parameterizing module vga_clock
Progress: Adding vga_out [vga_output 1.0]
Progress: Parameterizing module vga_out
Progress: Building connections
Progress: Parameterizing connections
Progress: Validating
Progress: Done reading input file
Info: pd_block.jtag_uart: JTAG UART IP input clock need to be at least double (2x) the operating frequency of JTAG TCK on board
Info: pd_block.sdram: SDRAM Controller will only be supported in Quartus Prime Standard Edition in the future release.
Warning: pd_block.conv1.source: conv1.source must be connected to an Avalon-ST sink
Info: pd_block: Generating pd_block "pd_block" for QUARTUS_SYNTH
Info: bridge1: "pd_block" instantiated altera_avalon_mm_bridge "bridge1"
Info: conv1: "pd_block" instantiated convolution_calc "conv1"
Info: dma: "pd_block" instantiated dma_engine "dma"
Info: frame_reader: "pd_block" instantiated frame_reader "frame_reader"
Info: from_memory1: "pd_block" instantiated stream_from_memory "from_memory1"
Info: jtag_uart: Starting RTL generation for module 'pd_block_jtag_uart'
Info: jtag_uart:   Generation command is [exec C:/intelfpga/18.1/quartus/bin64/perl/bin/perl.exe -I C:/intelfpga/18.1/quartus/bin64/perl/lib -I C:/intelfpga/18.1/quartus/sopc_builder/bin/europa -I C:/intelfpga/18.1/quartus/sopc_builder/bin/perl_lib -I C:/intelfpga/18.1/quartus/sopc_builder/bin -I C:/intelfpga/18.1/quartus/../ip/altera/sopc_builder_ip/common -I C:/intelfpga/18.1/quartus/../ip/altera/sopc_builder_ip/altera_avalon_jtag_uart -- C:/intelfpga/18.1/quartus/../ip/altera/sopc_builder_ip/altera_avalon_jtag_uart/generate_rtl.pl --name=pd_block_jtag_uart --dir=C:/Users/SteveG/AppData/Local/Temp/alt8431_2616226722797190627.dir/0007_jtag_uart_gen/ --quartus_dir=C:/intelfpga/18.1/quartus --verilog --config=C:/Users/SteveG/AppData/Local/Temp/alt8431_2616226722797190627.dir/0007_jtag_uart_gen//pd_block_jtag_uart_component_configuration.pl  --do_build_sim=0  ]
Info: jtag_uart: Done RTL generation for module 'pd_block_jtag_uart'
Info: jtag_uart: "pd_block" instantiated altera_avalon_jtag_uart "jtag_uart"
Info: led: Starting RTL generation for module 'pd_block_led'
Info: led:   Generation command is [exec C:/intelfpga/18.1/quartus/bin64/perl/bin/perl.exe -I C:/intelfpga/18.1/quartus/bin64/perl/lib -I C:/intelfpga/18.1/quartus/sopc_builder/bin/europa -I C:/intelfpga/18.1/quartus/sopc_builder/bin/perl_lib -I C:/intelfpga/18.1/quartus/sopc_builder/bin -I C:/intelfpga/18.1/quartus/../ip/altera/sopc_builder_ip/common -I C:/intelfpga/18.1/quartus/../ip/altera/sopc_builder_ip/altera_avalon_pio -- C:/intelfpga/18.1/quartus/../ip/altera/sopc_builder_ip/altera_avalon_pio/generate_rtl.pl --name=pd_block_led --dir=C:/Users/SteveG/AppData/Local/Temp/alt8431_2616226722797190627.dir/0008_led_gen/ --quartus_dir=C:/intelfpga/18.1/quartus --verilog --config=C:/Users/SteveG/AppData/Local/Temp/alt8431_2616226722797190627.dir/0008_led_gen//pd_block_led_component_configuration.pl  --do_build_sim=0  ]
Info: led: Done RTL generation for module 'pd_block_led'
Info: led: "pd_block" instantiated altera_avalon_pio "led"
Info: nios2e: "pd_block" instantiated altera_nios2_gen2 "nios2e"
Info: onchip_ram: Starting RTL generation for module 'pd_block_onchip_ram'
Info: onchip_ram:   Generation command is [exec C:/intelfpga/18.1/quartus/bin64/perl/bin/perl.exe -I C:/intelfpga/18.1/quartus/bin64/perl/lib -I C:/intelfpga/18.1/quartus/sopc_builder/bin/europa -I C:/intelfpga/18.1/quartus/sopc_builder/bin/perl_lib -I C:/intelfpga/18.1/quartus/sopc_builder/bin -I C:/intelfpga/18.1/quartus/../ip/altera/sopc_builder_ip/common -I C:/intelfpga/18.1/quartus/../ip/altera/sopc_builder_ip/altera_avalon_onchip_memory2 -- C:/intelfpga/18.1/quartus/../ip/altera/sopc_builder_ip/altera_avalon_onchip_memory2/generate_rtl.pl --name=pd_block_onchip_ram --dir=C:/Users/SteveG/AppData/Local/Temp/alt8431_2616226722797190627.dir/0009_onchip_ram_gen/ --quartus_dir=C:/intelfpga/18.1/quartus --verilog --config=C:/Users/SteveG/AppData/Local/Temp/alt8431_2616226722797190627.dir/0009_onchip_ram_gen//pd_block_onchip_ram_component_configuration.pl  --do_build_sim=0  ]
Info: onchip_ram: Done RTL generation for module 'pd_block_onchip_ram'
Info: onchip_ram: "pd_block" instantiated altera_avalon_onchip_memory2 "onchip_ram"
Info: pad1: "pd_block" instantiated pad_stream "pad1"
Info: rgb_tensor: "pd_block" instantiated rgb_to_tensor "rgb_tensor"
Info: sdram: Starting RTL generation for module 'pd_block_sdram'
Info: sdram:   Generation command is [exec C:/intelfpga/18.1/quartus/bin64/perl/bin/perl.exe -I C:/intelfpga/18.1/quartus/bin64/perl/lib -I C:/intelfpga/18.1/quartus/sopc_builder/bin/europa -I C:/intelfpga/18.1/quartus/sopc_builder/bin/perl_lib -I C:/intelfpga/18.1/quartus/sopc_builder/bin -I C:/intelfpga/18.1/quartus/../ip/altera/sopc_builder_ip/common -I C:/intelfpga/18.1/quartus/../ip/altera/sopc_builder_ip/altera_avalon_new_sdram_controller -- C:/intelfpga/18.1/quartus/../ip/altera/sopc_builder_ip/altera_avalon_new_sdram_controller/generate_rtl.pl --name=pd_block_sdram --dir=C:/Users/SteveG/AppData/Local/Temp/alt8431_2616226722797190627.dir/0012_sdram_gen/ --quartus_dir=C:/intelfpga/18.1/quartus --verilog --config=C:/Users/SteveG/AppData/Local/Temp/alt8431_2616226722797190627.dir/0012_sdram_gen//pd_block_sdram_component_configuration.pl  --do_build_sim=0  ]
Info: sdram: Done RTL generation for module 'pd_block_sdram'
Info: sdram: "pd_block" instantiated altera_avalon_new_sdram_controller "sdram"
Info: vga_out: "pd_block" instantiated vga_output "vga_out"
Info: avalon_st_adapter: Inserting error_adapter: error_adapter_0
Info: avalon_st_adapter_001: Inserting error_adapter: error_adapter_0
Info: avalon_st_adapter_002: Inserting error_adapter: error_adapter_0
Info: avalon_st_adapter_003: Inserting error_adapter: error_adapter_0
Info: avalon_st_adapter_004: Inserting error_adapter: error_adapter_0
Info: avalon_st_adapter_005: Inserting error_adapter: error_adapter_0
Info: avalon_st_adapter_006: Inserting error_adapter: error_adapter_0
Info: avalon_st_adapter_007: Inserting error_adapter: error_adapter_0
Info: mm_interconnect_0: "pd_block" instantiated altera_mm_interconnect "mm_interconnect_0"
Info: avalon_st_adapter: Inserting error_adapter: error_adapter_0
Info: mm_interconnect_1: "pd_block" instantiated altera_mm_interconnect "mm_interconnect_1"
Info: avalon_st_adapter: Inserting error_adapter: error_adapter_0
Info: avalon_st_adapter_001: Inserting error_adapter: error_adapter_0
Info: avalon_st_adapter_002: Inserting error_adapter: error_adapter_0
Info: avalon_st_adapter_003: Inserting error_adapter: error_adapter_0
Info: mm_interconnect_2: "pd_block" instantiated altera_mm_interconnect "mm_interconnect_2"
Info: irq_mapper: "pd_block" instantiated altera_irq_mapper "irq_mapper"
Info: rst_controller: "pd_block" instantiated altera_reset_controller "rst_controller"
Info: cpu: Starting RTL generation for module 'pd_block_nios2e_cpu'
Info: cpu:   Generation command is [exec C:/intelFPGA/18.1/quartus/bin64//eperlcmd.exe -I C:/intelFPGA/18.1/quartus/bin64//perl/lib -I C:/intelfpga/18.1/quartus/sopc_builder/bin/europa -I C:/intelfpga/18.1/quartus/sopc_builder/bin/perl_lib -I C:/intelfpga/18.1/quartus/sopc_builder/bin -I C:/intelfpga/18.1/quartus/../ip/altera/nios2_ip/altera_nios2_gen2/cpu_lib -I C:/intelfpga/18.1/quartus/../ip/altera/nios2_ip/altera_nios2_gen2/nios_lib -I C:/intelfpga/18.1/quartus/../ip/altera/nios2_ip/altera_nios2_gen2 -I C:/intelfpga/18.1/quartus/../ip/altera/nios2_ip/altera_nios2_gen2 -- C:/intelfpga/18.1/quartus/../ip/altera/nios2_ip/altera_nios2_gen2/generate_rtl.epl --name=pd_block_nios2e_cpu --dir=C:/Users/SteveG/AppData/Local/Temp/alt8431_2616226722797190627.dir/0016_cpu_gen/ --quartus_bindir=C:/intelFPGA/18.1/quartus/bin64/ --verilog --config=C:/Users/SteveG/AppData/Local/Temp/alt8431_2616226722797190627.dir/0016_cpu_gen//pd_block_nios2e_cpu_processor_configuration.pl  --do_build_sim=0  ]
Info: cpu: # 2020.06.18 12:52:49 (*) Starting Nios II generation
Info: cpu: # 2020.06.18 12:52:49 (*)   Checking for plaintext license.
Info: cpu: # 2020.06.18 12:52:50 (*)   Plaintext license not found.
Info: cpu: # 2020.06.18 12:52:50 (*)   No license required to generate encrypted Nios II/e.
Info: cpu: # 2020.06.18 12:52:50 (*)   Elaborating CPU configuration settings
Info: cpu: # 2020.06.18 12:52:50 (*)   Creating all objects for CPU
Info: cpu: # 2020.06.18 12:52:52 (*)   Generating RTL from CPU objects
Info: cpu: # 2020.06.18 12:52:52 (*)   Creating plain-text RTL
Info: cpu: # 2020.06.18 12:52:53 (*) Done Nios II generation
Info: cpu: Done RTL generation for module 'pd_block_nios2e_cpu'
Info: cpu: "nios2e" instantiated altera_nios2_gen2_unit "cpu"
Info: rgb_tensor_avalon_master_translator: "mm_interconnect_0" instantiated altera_merlin_master_translator "rgb_tensor_avalon_master_translator"
Info: bridge2_s0_translator: "mm_interconnect_0" instantiated altera_merlin_slave_translator "bridge2_s0_translator"
Info: rgb_tensor_avalon_master_agent: "mm_interconnect_0" instantiated altera_merlin_master_agent "rgb_tensor_avalon_master_agent"
Info: bridge2_s0_agent: "mm_interconnect_0" instantiated altera_merlin_slave_agent "bridge2_s0_agent"
Info: bridge2_s0_agent_rsp_fifo: "mm_interconnect_0" instantiated altera_avalon_sc_fifo "bridge2_s0_agent_rsp_fifo"
Info: router: "mm_interconnect_0" instantiated altera_merlin_router "router"
Info: router_001: "mm_interconnect_0" instantiated altera_merlin_router "router_001"
Info: router_002: "mm_interconnect_0" instantiated altera_merlin_router "router_002"
Info: router_006: "mm_interconnect_0" instantiated altera_merlin_router "router_006"
Info: router_007: "mm_interconnect_0" instantiated altera_merlin_router "router_007"
Info: router_009: "mm_interconnect_0" instantiated altera_merlin_router "router_009"
Info: cmd_demux: "mm_interconnect_0" instantiated altera_merlin_demultiplexer "cmd_demux"
Info: cmd_demux_001: "mm_interconnect_0" instantiated altera_merlin_demultiplexer "cmd_demux_001"
Info: cmd_demux_002: "mm_interconnect_0" instantiated altera_merlin_demultiplexer "cmd_demux_002"
Info: cmd_mux: "mm_interconnect_0" instantiated altera_merlin_multiplexer "cmd_mux"
Info: cmd_mux_001: "mm_interconnect_0" instantiated altera_merlin_multiplexer "cmd_mux_001"
Info: Reusing file D:/QuartusProjects/Development_Kits/DE10_LITE/ML_Inference/pd_block/synthesis/submodules/altera_merlin_arbitrator.sv
Info: cmd_mux_003: "mm_interconnect_0" instantiated altera_merlin_multiplexer "cmd_mux_003"
Info: Reusing file D:/QuartusProjects/Development_Kits/DE10_LITE/ML_Inference/pd_block/synthesis/submodules/altera_merlin_arbitrator.sv
Info: rsp_demux: "mm_interconnect_0" instantiated altera_merlin_demultiplexer "rsp_demux"
Info: rsp_demux_001: "mm_interconnect_0" instantiated altera_merlin_demultiplexer "rsp_demux_001"
Info: rsp_demux_003: "mm_interconnect_0" instantiated altera_merlin_demultiplexer "rsp_demux_003"
Info: rsp_mux: "mm_interconnect_0" instantiated altera_merlin_multiplexer "rsp_mux"
Info: Reusing file D:/QuartusProjects/Development_Kits/DE10_LITE/ML_Inference/pd_block/synthesis/submodules/altera_merlin_arbitrator.sv
Info: rsp_mux_001: "mm_interconnect_0" instantiated altera_merlin_multiplexer "rsp_mux_001"
Info: Reusing file D:/QuartusProjects/Development_Kits/DE10_LITE/ML_Inference/pd_block/synthesis/submodules/altera_merlin_arbitrator.sv
Info: rsp_mux_002: "mm_interconnect_0" instantiated altera_merlin_multiplexer "rsp_mux_002"
Info: Reusing file D:/QuartusProjects/Development_Kits/DE10_LITE/ML_Inference/pd_block/synthesis/submodules/altera_merlin_arbitrator.sv
Info: nios2e_data_master_to_bridge2_s0_cmd_width_adapter: "mm_interconnect_0" instantiated altera_merlin_width_adapter "nios2e_data_master_to_bridge2_s0_cmd_width_adapter"
Info: Reusing file D:/QuartusProjects/Development_Kits/DE10_LITE/ML_Inference/pd_block/synthesis/submodules/altera_merlin_burst_uncompressor.sv
Info: avalon_st_adapter: "mm_interconnect_0" instantiated altera_avalon_st_adapter "avalon_st_adapter"
Info: avalon_st_adapter_001: "mm_interconnect_0" instantiated altera_avalon_st_adapter "avalon_st_adapter_001"
Info: router: "mm_interconnect_1" instantiated altera_merlin_router "router"
Info: router_002: "mm_interconnect_1" instantiated altera_merlin_router "router_002"
Info: sdram_s1_burst_adapter: "mm_interconnect_1" instantiated altera_merlin_burst_adapter "sdram_s1_burst_adapter"
Info: Reusing file D:/QuartusProjects/Development_Kits/DE10_LITE/ML_Inference/pd_block/synthesis/submodules/altera_merlin_address_alignment.sv
Info: cmd_demux: "mm_interconnect_1" instantiated altera_merlin_demultiplexer "cmd_demux"
Info: cmd_mux: "mm_interconnect_1" instantiated altera_merlin_multiplexer "cmd_mux"
Info: Reusing file D:/QuartusProjects/Development_Kits/DE10_LITE/ML_Inference/pd_block/synthesis/submodules/altera_merlin_arbitrator.sv
Info: rsp_demux: "mm_interconnect_1" instantiated altera_merlin_demultiplexer "rsp_demux"
Info: rsp_mux: "mm_interconnect_1" instantiated altera_merlin_multiplexer "rsp_mux"
Info: Reusing file D:/QuartusProjects/Development_Kits/DE10_LITE/ML_Inference/pd_block/synthesis/submodules/altera_merlin_arbitrator.sv
Info: router: "mm_interconnect_2" instantiated altera_merlin_router "router"
Info: router_001: "mm_interconnect_2" instantiated altera_merlin_router "router_001"
Info: router_004: "mm_interconnect_2" instantiated altera_merlin_router "router_004"
Info: bridge1_m0_limiter: "mm_interconnect_2" instantiated altera_merlin_traffic_limiter "bridge1_m0_limiter"
Info: Reusing file D:/QuartusProjects/Development_Kits/DE10_LITE/ML_Inference/pd_block/synthesis/submodules/altera_avalon_sc_fifo.v
Info: Reusing file D:/QuartusProjects/Development_Kits/DE10_LITE/ML_Inference/pd_block/synthesis/submodules/altera_avalon_st_pipeline_base.v
Info: cmd_demux: "mm_interconnect_2" instantiated altera_merlin_demultiplexer "cmd_demux"
Info: cmd_mux: "mm_interconnect_2" instantiated altera_merlin_multiplexer "cmd_mux"
Info: Reusing file D:/QuartusProjects/Development_Kits/DE10_LITE/ML_Inference/pd_block/synthesis/submodules/altera_merlin_arbitrator.sv
Info: rsp_demux: "mm_interconnect_2" instantiated altera_merlin_demultiplexer "rsp_demux"
Info: rsp_mux: "mm_interconnect_2" instantiated altera_merlin_multiplexer "rsp_mux"
Info: Reusing file D:/QuartusProjects/Development_Kits/DE10_LITE/ML_Inference/pd_block/synthesis/submodules/altera_merlin_arbitrator.sv
Info: error_adapter_0: "avalon_st_adapter" instantiated error_adapter "error_adapter_0"
Info: error_adapter_0: "avalon_st_adapter_001" instantiated error_adapter "error_adapter_0"
Info: pd_block: Done "pd_block" with 63 modules, 88 files
Info: qsys-generate succeeded.
Info: Finished: Create HDL design files for synthesis
