IP Upgrade report for de0_nano
Thu Aug 27 16:36:30 2020
Quartus Prime Version 18.1.0 Build 625 09/12/2018 SJ Standard Edition


---------------------
; Table of Contents ;
---------------------
  1. Legal Notice
  2. IP Upgrade Summary
  3. Successfully Upgraded IP Components
  4. IP Upgrade Messages



----------------
; Legal Notice ;
----------------
Copyright (C) 2018  Intel Corporation. All rights reserved.
Your use of Intel Corporation's design tools, logic functions 
and other software and tools, and its AMPP partner logic 
functions, and any output files from any of the foregoing 
(including device programming or simulation files), and any 
associated documentation or information are expressly subject 
to the terms and conditions of the Intel Program License 
Subscription Agreement, the Intel Quartus Prime License Agreement,
the Intel FPGA IP License Agreement, or other applicable license
agreement, including, without limitation, that your use is for
the sole purpose of programming logic devices manufactured by
Intel and sold by Intel or its authorized distributors.  Please
refer to the applicable agreement for further details.



+--------------------------------------------------------------------------------+
; IP Upgrade Summary                                                             ;
+------------------------------+-------------------------------------------------+
; IP Components Upgrade Status ; Passed - Thu Aug 27 16:36:30 2020               ;
; Quartus Prime Version        ; 18.1.0 Build 625 09/12/2018 SJ Standard Edition ;
; Revision Name                ; de0_nano                                        ;
; Top-level Entity Name        ; de0_nano                                        ;
; Family                       ; Cyclone IV E                                    ;
+------------------------------+-------------------------------------------------+


+------------------------------------------------------------------------------------------------------------------+
; Successfully Upgraded IP Components                                                                              ;
+-------------+----------------+---------+----------------------+----------------------+-----------------+---------+
; Entity Name ; Component Name ; Version ; Original Source File ; Generation File Path ; New Source File ; Message ;
+-------------+----------------+---------+----------------------+----------------------+-----------------+---------+
; PLL0        ; ALTPLL         ; 13.0    ; PLL0.qip             ; PLL0.v               ; PLL0.qip        ;         ;
; oscillator  ; ALTINT_OSC     ; 13.0    ; oscillator.qip       ; oscillator.v         ; oscillator.qip  ;         ;
+-------------+----------------+---------+----------------------+----------------------+-----------------+---------+


+---------------------+
; IP Upgrade Messages ;
+---------------------+
Info (11902): Backing up file "PLL0.v" to "PLL0.BAK.v"
Info (11837): Started upgrading IP component ALTPLL with file "PLL0.v"
Info (11902): Backing up file "oscillator.v" to "oscillator.BAK.v"
Info (11837): Started upgrading IP component ALTINT_OSC with file "oscillator.v"
Info (11131): Completed upgrading IP component ALTPLL with file "PLL0.v"
Info (11131): Completed upgrading IP component ALTINT_OSC with file "oscillator.v"
Info (23030): Evaluation of Tcl script c:/intelfpga/18.1/quartus/common/tcl/internal/ip_regen/ip_regen.tcl was successful
Info: Quartus Prime Shell was successful. 0 errors, 1 warning
    Info: Peak virtual memory: 4851 megabytes
    Info: Processing ended: Thu Aug 27 16:36:30 2020
    Info: Elapsed time: 00:00:12
    Info: Total CPU time (on all processors): 00:00:22


