Flow report for micro_4ce22_top
Mon Dec 07 20:18:09 2020
Quartus Prime Version 20.1.1 Build 720 11/11/2020 SJ Lite Edition


---------------------
; Table of Contents ;
---------------------
  1. Legal Notice
  2. Flow Summary
  3. Flow Settings
  4. Flow Non-Default Global Settings
  5. Flow Elapsed Time
  6. Flow OS Summary
  7. Flow Log
  8. Flow Messages
  9. Flow Suppressed Messages



----------------
; Legal Notice ;
----------------
Copyright (C) 2020  Intel Corporation. All rights reserved.
Your use of Intel Corporation's design tools, logic functions 
and other software and tools, and any partner logic 
functions, and any output files from any of the foregoing 
(including device programming or simulation files), and any 
associated documentation or information are expressly subject 
to the terms and conditions of the Intel Program License 
Subscription Agreement, the Intel Quartus Prime License Agreement,
the Intel FPGA IP License Agreement, or other applicable license
agreement, including, without limitation, that your use is for
the sole purpose of programming logic devices manufactured by
Intel and sold by Intel or its authorized distributors.  Please
refer to the applicable agreement for further details, at
https://fpgasoftware.intel.com/eula.



+----------------------------------------------------------------------------------+
; Flow Summary                                                                     ;
+------------------------------------+---------------------------------------------+
; Flow Status                        ; Successful - Mon Dec 07 20:18:01 2020       ;
; Quartus Prime Version              ; 20.1.1 Build 720 11/11/2020 SJ Lite Edition ;
; Revision Name                      ; micro_4ce22_top                             ;
; Top-level Entity Name              ; micro_4ce22_top                             ;
; Family                             ; Cyclone IV E                                ;
; Device                             ; EP4CE22F17C6                                ;
; Timing Models                      ; Final                                       ;
; Total logic elements               ; 1,307 / 22,320 ( 6 % )                      ;
;     Total combinational functions  ; 1,197 / 22,320 ( 5 % )                      ;
;     Dedicated logic registers      ; 573 / 22,320 ( 3 % )                        ;
; Total registers                    ; 573                                         ;
; Total pins                         ; 2 / 154 ( 1 % )                             ;
; Total virtual pins                 ; 0                                           ;
; Total memory bits                  ; 65,536 / 608,256 ( 11 % )                   ;
; Embedded Multiplier 9-bit elements ; 2 / 132 ( 2 % )                             ;
; Total PLLs                         ; 1 / 4 ( 25 % )                              ;
+------------------------------------+---------------------------------------------+


+-----------------------------------------+
; Flow Settings                           ;
+-------------------+---------------------+
; Option            ; Setting             ;
+-------------------+---------------------+
; Start date & time ; 12/07/2020 20:16:09 ;
; Main task         ; Compilation         ;
; Revision Name     ; micro_4ce22_top     ;
+-------------------+---------------------+


+-------------------------------------------------------------------------------------------------------------------------------------------------------------------------------+
; Flow Non-Default Global Settings                                                                                                                                              ;
+-------------------------------------+--------------------------------------------------------------------------------------+---------------+---------------------+------------+
; Assignment Name                     ; Value                                                                                ; Default Value ; Entity Name         ; Section Id ;
+-------------------------------------+--------------------------------------------------------------------------------------+---------------+---------------------+------------+
; COMPILER_SIGNATURE_ID               ; 93123541248688.160732536906968                                                       ; --            ; --                  ; --         ;
; MAX_CORE_JUNCTION_TEMP              ; 85                                                                                   ; --            ; --                  ; --         ;
; MIN_CORE_JUNCTION_TEMP              ; 0                                                                                    ; --            ; --                  ; --         ;
; MISC_FILE                           ; internal_oscillator/internal_oscillator/synthesis/../internal_oscillator.cmp         ; --            ; --                  ; --         ;
; MISC_FILE                           ; internal_oscillator/internal_oscillator/synthesis/../../internal_oscillator.qsys     ; --            ; --                  ; --         ;
; MISC_FILE                           ; JTAG_UART/jtag_uart/synthesis/../jtag_uart.cmp                                       ; --            ; --                  ; --         ;
; MISC_FILE                           ; JTAG_UART/jtag_uart/synthesis/../../jtag_uart.qsys                                   ; --            ; --                  ; --         ;
; MISC_FILE                           ; pll_4ce_inst.v                                                                       ; --            ; --                  ; --         ;
; MISC_FILE                           ; pll_4ce_bb.v                                                                         ; --            ; --                  ; --         ;
; MISC_FILE                           ; pll_4ce.ppf                                                                          ; --            ; --                  ; --         ;
; PARTITION_COLOR                     ; -- (Not supported for targeted family)                                               ; --            ; --                  ; Top        ;
; PARTITION_FITTER_PRESERVATION_LEVEL ; -- (Not supported for targeted family)                                               ; --            ; --                  ; Top        ;
; PARTITION_NETLIST_TYPE              ; -- (Not supported for targeted family)                                               ; --            ; --                  ; Top        ;
; POWER_BOARD_THERMAL_MODEL           ; None (CONSERVATIVE)                                                                  ; --            ; --                  ; --         ;
; POWER_PRESET_COOLING_SOLUTION       ; 23 MM HEAT SINK WITH 200 LFPM AIRFLOW                                                ; --            ; --                  ; --         ;
; PROJECT_OUTPUT_DIRECTORY            ; output_files                                                                         ; --            ; --                  ; --         ;
; SLD_FILE                            ; internal_oscillator/internal_oscillator/synthesis/internal_oscillator.debuginfo      ; --            ; --                  ; --         ;
; SLD_FILE                            ; JTAG_UART/jtag_uart/synthesis/jtag_uart.regmap                                       ; --            ; --                  ; --         ;
; SLD_FILE                            ; JTAG_UART/jtag_uart/synthesis/jtag_uart.debuginfo                                    ; --            ; --                  ; --         ;
; SLD_INFO                            ; QSYS_NAME internal_oscillator HAS_SOPCINFO 1 GENERATION_ID 1607323910                ; --            ; internal_oscillator ; --         ;
; SLD_INFO                            ; QSYS_NAME jtag_uart HAS_SOPCINFO 1 GENERATION_ID 1607323994                          ; --            ; jtag_uart           ; --         ;
; SOPCINFO_FILE                       ; internal_oscillator/internal_oscillator/synthesis/../../internal_oscillator.sopcinfo ; --            ; --                  ; --         ;
; SOPCINFO_FILE                       ; JTAG_UART/jtag_uart/synthesis/../../jtag_uart.sopcinfo                               ; --            ; --                  ; --         ;
; SYNTHESIS_ONLY_QIP                  ; On                                                                                   ; --            ; --                  ; --         ;
; SYNTHESIS_ONLY_QIP                  ; On                                                                                   ; --            ; --                  ; --         ;
+-------------------------------------+--------------------------------------------------------------------------------------+---------------+---------------------+------------+


+--------------------------------------------------------------------------------------------------------------------------+
; Flow Elapsed Time                                                                                                        ;
+----------------------+--------------+-------------------------+---------------------+------------------------------------+
; Module Name          ; Elapsed Time ; Average Processors Used ; Peak Virtual Memory ; Total CPU Time (on all processors) ;
+----------------------+--------------+-------------------------+---------------------+------------------------------------+
; Analysis & Synthesis ; 00:01:20     ; 1.0                     ; 4839 MB             ; 00:02:09                           ;
; Fitter               ; 00:00:20     ; 1.0                     ; 5542 MB             ; 00:00:24                           ;
; Assembler            ; 00:00:04     ; 1.0                     ; 4687 MB             ; 00:00:04                           ;
; Timing Analyzer      ; 00:00:07     ; 1.0                     ; 4799 MB             ; 00:00:05                           ;
; Total                ; 00:01:51     ; --                      ; --                  ; 00:02:42                           ;
+----------------------+--------------+-------------------------+---------------------+------------------------------------+


+------------------------------------------------------------------------------------+
; Flow OS Summary                                                                    ;
+----------------------+------------------+------------+------------+----------------+
; Module Name          ; Machine Hostname ; OS Name    ; OS Version ; Processor type ;
+----------------------+------------------+------------+------------+----------------+
; Analysis & Synthesis ; DESKTOP-8AHNLRL  ; Windows 10 ; 10.0       ; x86_64         ;
; Fitter               ; DESKTOP-8AHNLRL  ; Windows 10 ; 10.0       ; x86_64         ;
; Assembler            ; DESKTOP-8AHNLRL  ; Windows 10 ; 10.0       ; x86_64         ;
; Timing Analyzer      ; DESKTOP-8AHNLRL  ; Windows 10 ; 10.0       ; x86_64         ;
+----------------------+------------------+------------+------------+----------------+


------------
; Flow Log ;
------------
quartus_map --read_settings_files=on --write_settings_files=off micro_4ce22_top -c micro_4ce22_top
quartus_fit --read_settings_files=off --write_settings_files=off micro_4ce22_top -c micro_4ce22_top
quartus_asm --read_settings_files=off --write_settings_files=off micro_4ce22_top -c micro_4ce22_top
quartus_sta micro_4ce22_top -c micro_4ce22_top



