12:56:04 **** Incremental Build of configuration Nios II for project convolution_test ****
make all 
Info: Building ../convolution_test_bsp/
C:/intelFPGA/18.1/nios2eds/bin/gnu/H-x86_64-mingw32/bin/make --no-print-directory -C ../convolution_test_bsp/
[BSP build complete]
Info: Compiling convolution_test.c to obj/default/convolution_test.o
nios2-elf-gcc -xc -MP -MMD -c -I../convolution_test_bsp//HAL/inc -I../convolution_test_bsp/ -I../convolution_test_bsp//drivers/inc  -pipe -D__hal__ -DALT_NO_C_PLUS_PLUS -DALT_NO_CLEAN_EXIT -D'exit(a)=_exit(a)' -DALT_NO_EXIT -DALT_USE_DIRECT_DRIVERS -DALT_NO_INSTRUCTION_EMULATION -DALT_USE_SMALL_DRIVERS -DSMALL_C_LIB -DALT_SINGLE_THREADED    -Os -g -Wall   -mno-hw-div -mno-hw-mul -mno-hw-mulx -mgpopt=global  -o obj/default/convolution_test.o convolution_test.c
In file included from convolution_test.c:3:0:
convolution_test.c: In function 'convolution':
../convolution_test_bsp//HAL/inc/io.h:75:65: warning: passing argument 2 of '__builtin_stwio' makes integer from pointer without a cast [-Wint-conversion]
   __builtin_stwio (__IO_CALC_ADDRESS_NATIVE ((BASE), (REGNUM)), (DATA))
                                                                 ^
convolution_test.c:13:2: note: in expansion of macro 'IOWR'
  IOWR(CONVOLUTION_0_BASE, 5, kernel);
  ^
../convolution_test_bsp//HAL/inc/io.h:75:65: note: expected 'int' but argument is of type 'alt_u16 * {aka short unsigned int *}'
   __builtin_stwio (__IO_CALC_ADDRESS_NATIVE ((BASE), (REGNUM)), (DATA))
                                                                 ^
convolution_test.c:13:2: note: in expansion of macro 'IOWR'
  IOWR(CONVOLUTION_0_BASE, 5, kernel);
  ^
Info: Linking convolution_test.elf
nios2-elf-g++  -T'../convolution_test_bsp//linker.x' -msys-crt0='../convolution_test_bsp//obj/HAL/src/crt0.o' -msys-lib=hal_bsp -L../convolution_test_bsp/  -msmallc  -Wl,-Map=convolution_test.map   -Os -g -Wall   -mno-hw-div -mno-hw-mul -mno-hw-mulx -mgpopt=global  -o convolution_test.elf obj/default/convolution_test.o -lm -msys-lib=m
nios2-elf-insert convolution_test.elf --thread_model hal --cpu_name nios2e --qsys true --simulation_enabled false --stderr_dev jtag_uart --stdin_dev jtag_uart --stdout_dev jtag_uart --sopc_system_name pd_block --quartus_project_dir "D:/GitHub/FAccel-CNN/QuartusProjects/Development_Kits/Terasic_DE10_Lite/Inference_Engine" --jdi D:/GitHub/FAccel-CNN/QuartusProjects/Development_Kits/Terasic_DE10_Lite/Inference_Engine/software/convolution_test_bsp/../../de10_lite.jdi --sopcinfo D:/GitHub/FAccel-CNN/QuartusProjects/Development_Kits/Terasic_DE10_Lite/Inference_Engine/software/convolution_test_bsp/../../pd_block.sopcinfo
Info: (convolution_test.elf) 1492 Bytes program size (code + initialized data).
Info:                        14 KBytes free for stack + heap.
Info: Creating convolution_test.objdump
nios2-elf-objdump --disassemble --syms --all-header --source convolution_test.elf >convolution_test.objdump
[convolution_test build complete]
12:59:17 **** Incremental Build of configuration Nios II for project convolution_test ****
make all 
Info: Building ../convolution_test_bsp/
C:/intelFPGA/18.1/nios2eds/bin/gnu/H-x86_64-mingw32/bin/make --no-print-directory -C ../convolution_test_bsp/
[BSP build complete]
Info: Compiling convolution_test.c to obj/default/convolution_test.o
nios2-elf-gcc -xc -MP -MMD -c -I../convolution_test_bsp//HAL/inc -I../convolution_test_bsp/ -I../convolution_test_bsp//drivers/inc  -pipe -D__hal__ -DALT_NO_C_PLUS_PLUS -DALT_NO_CLEAN_EXIT -D'exit(a)=_exit(a)' -DALT_NO_EXIT -DALT_USE_DIRECT_DRIVERS -DALT_NO_INSTRUCTION_EMULATION -DALT_USE_SMALL_DRIVERS -DSMALL_C_LIB -DALT_SINGLE_THREADED    -Os -g -Wall   -mno-hw-div -mno-hw-mul -mno-hw-mulx -mgpopt=global  -o obj/default/convolution_test.o convolution_test.c
In file included from convolution_test.c:3:0:
convolution_test.c: In function 'convolution':
../convolution_test_bsp//HAL/inc/io.h:75:65: warning: passing argument 2 of '__builtin_stwio' makes integer from pointer without a cast [-Wint-conversion]
   __builtin_stwio (__IO_CALC_ADDRESS_NATIVE ((BASE), (REGNUM)), (DATA))
                                                                 ^
convolution_test.c:13:2: note: in expansion of macro 'IOWR'
  IOWR(CONVOLUTION_0_BASE, 5, kernel);
  ^
../convolution_test_bsp//HAL/inc/io.h:75:65: note: expected 'int' but argument is of type 'alt_u16 * {aka short unsigned int *}'
   __builtin_stwio (__IO_CALC_ADDRESS_NATIVE ((BASE), (REGNUM)), (DATA))
                                                                 ^
convolution_test.c:13:2: note: in expansion of macro 'IOWR'
  IOWR(CONVOLUTION_0_BASE, 5, kernel);
  ^
Info: Linking convolution_test.elf
nios2-elf-g++  -T'../convolution_test_bsp//linker.x' -msys-crt0='../convolution_test_bsp//obj/HAL/src/crt0.o' -msys-lib=hal_bsp -L../convolution_test_bsp/  -msmallc  -Wl,-Map=convolution_test.map   -Os -g -Wall   -mno-hw-div -mno-hw-mul -mno-hw-mulx -mgpopt=global  -o convolution_test.elf obj/default/convolution_test.o -lm -msys-lib=m
nios2-elf-insert convolution_test.elf --thread_model hal --cpu_name nios2e --qsys true --simulation_enabled false --stderr_dev jtag_uart --stdin_dev jtag_uart --stdout_dev jtag_uart --sopc_system_name pd_block --quartus_project_dir "D:/GitHub/FAccel-CNN/QuartusProjects/Development_Kits/Terasic_DE10_Lite/Inference_Engine" --jdi D:/GitHub/FAccel-CNN/QuartusProjects/Development_Kits/Terasic_DE10_Lite/Inference_Engine/software/convolution_test_bsp/../../de10_lite.jdi --sopcinfo D:/GitHub/FAccel-CNN/QuartusProjects/Development_Kits/Terasic_DE10_Lite/Inference_Engine/software/convolution_test_bsp/../../pd_block.sopcinfo
Info: (convolution_test.elf) 1516 Bytes program size (code + initialized data).
Info:                        14 KBytes free for stack + heap.
Info: Creating convolution_test.objdump
nios2-elf-objdump --disassemble --syms --all-header --source convolution_test.elf >convolution_test.objdump
[convolution_test build complete]
12:59:47 **** Incremental Build of configuration Nios II for project convolution_test ****
make all 
Info: Building ../convolution_test_bsp/
C:/intelFPGA/18.1/nios2eds/bin/gnu/H-x86_64-mingw32/bin/make --no-print-directory -C ../convolution_test_bsp/
[BSP build complete]
[convolution_test build complete]
13:07:20 **** Incremental Build of configuration Nios II for project convolution_test ****
make all 
Info: Building ../convolution_test_bsp/
C:/intelFPGA/18.1/nios2eds/bin/gnu/H-x86_64-mingw32/bin/make --no-print-directory -C ../convolution_test_bsp/
[BSP build complete]
[convolution_test build complete]
13:07:40 **** Incremental Build of configuration Nios II for project convolution_test ****
make all 
Info: Building ../convolution_test_bsp/
C:/intelFPGA/18.1/nios2eds/bin/gnu/H-x86_64-mingw32/bin/make --no-print-directory -C ../convolution_test_bsp/
[BSP build complete]
[convolution_test build complete]
13:08:02 **** Incremental Build of configuration Nios II for project convolution_test ****
make all 
Info: Building ../convolution_test_bsp/
C:/intelFPGA/18.1/nios2eds/bin/gnu/H-x86_64-mingw32/bin/make --no-print-directory -C ../convolution_test_bsp/
[BSP build complete]
[convolution_test build complete]
